<?xml version="1.0" encoding="UTF-8"?>
<testsuite name="com.app.server.service.organizationboundedcontext.contacts.TitleTestCase" tests="5" skipped="0" failures="0" errors="0" timestamp="2016-04-13T13:02:29" hostname="8f0208fcd663" time="49.829">
  <properties/>
  <testcase name="test1Save" classname="com.app.server.service.organizationboundedcontext.contacts.TitleTestCase" time="49.355"/>
  <testcase name="test2Update" classname="com.app.server.service.organizationboundedcontext.contacts.TitleTestCase" time="0.107"/>
  <testcase name="test3FindById" classname="com.app.server.service.organizationboundedcontext.contacts.TitleTestCase" time="0.026"/>
  <testcase name="test5NegativeTesting" classname="com.app.server.service.organizationboundedcontext.contacts.TitleTestCase" time="0.08"/>
  <testcase name="test6Delete" classname="com.app.server.service.organizationboundedcontext.contacts.TitleTestCase" time="0.257"/>
  <system-out><![CDATA[[EL Config]: metadata: 2016-04-13 13:02:44.627--ServerSession(1341849920)--Thread(Thread[Test worker,5,main])--The access type for the persistent class [class com.athena.shared.entity.ArtEntity] is set to [FIELD].
[EL Config]: metadata: 2016-04-13 13:02:44.67--ServerSession(1341849920)--Thread(Thread[Test worker,5,main])--The access type for the persistent class [class com.athena.shared.entity.AuditPropertiesEntity] is set to [FIELD].
[EL Config]: metadata: 2016-04-13 13:02:44.674--ServerSession(1341849920)--Thread(Thread[Test worker,5,main])--The access type for the persistent class [class com.athena.shared.entity.query.ArtQuery] is set to [FIELD].
[EL Config]: metadata: 2016-04-13 13:02:44.678--ServerSession(1341849920)--Thread(Thread[Test worker,5,main])--The access type for the persistent class [class com.app.shared.aaaboundedcontext.authentication.PasswordPolicy] is set to [FIELD].
[EL Config]: metadata: 2016-04-13 13:02:44.685--ServerSession(1341849920)--Thread(Thread[Test worker,5,main])--The access type for the persistent class [class com.app.shared.organizationboundedcontext.location.Language] is set to [FIELD].
[EL Config]: metadata: 2016-04-13 13:02:44.686--ServerSession(1341849920)--Thread(Thread[Test worker,5,main])--The access type for the persistent class [class com.app.shared.organizationboundedcontext.contacts.CommunicationData] is set to [FIELD].
[EL Config]: metadata: 2016-04-13 13:02:44.688--ServerSession(1341849920)--Thread(Thread[Test worker,5,main])--The access type for the persistent class [class com.app.shared.aaaboundedcontext.authorization.Roles] is set to [FIELD].
[EL Config]: metadata: 2016-04-13 13:02:44.703--ServerSession(1341849920)--Thread(Thread[Test worker,5,main])--The target entity (reference) class for the one to many mapping element [field roleMenuBridge] is being defaulted to: class com.app.shared.aaaboundedcontext.authorization.RoleMenuBridge.
[EL Config]: metadata: 2016-04-13 13:02:44.705--ServerSession(1341849920)--Thread(Thread[Test worker,5,main])--The access type for the persistent class [class com.app.shared.aaaboundedcontext.authentication.LoginSession] is set to [FIELD].
[EL Config]: metadata: 2016-04-13 13:02:44.707--ServerSession(1341849920)--Thread(Thread[Test worker,5,main])--The access type for the persistent class [class com.app.shared.organizationboundedcontext.location.Country] is set to [FIELD].
[EL Config]: metadata: 2016-04-13 13:02:44.709--ServerSession(1341849920)--Thread(Thread[Test worker,5,main])--The access type for the persistent class [class com.spartan.sprinkler.entity.AuditPropertiesEntity] is set to [FIELD].
[EL Config]: metadata: 2016-04-13 13:02:44.711--ServerSession(1341849920)--Thread(Thread[Test worker,5,main])--The access type for the persistent class [class com.spartan.sprinkler.entity.ArtLogConfig] is set to [FIELD].
[EL Config]: metadata: 2016-04-13 13:02:44.711--ServerSession(1341849920)--Thread(Thread[Test worker,5,main])--The target entity (reference) class for the one to many mapping element [field logConnectors] is being defaulted to: class com.spartan.sprinkler.entity.ArtLogConnector.
[EL Config]: metadata: 2016-04-13 13:02:44.715--ServerSession(1341849920)--Thread(Thread[Test worker,5,main])--The target entity (reference) class for the one to many mapping element [field loggingProperties] is being defaulted to: class com.spartan.sprinkler.entity.ArtLoggingProperties.
[EL Config]: metadata: 2016-04-13 13:02:44.716--ServerSession(1341849920)--Thread(Thread[Test worker,5,main])--The target entity (reference) class for the one to many mapping element [field logSeverity] is being defaulted to: class com.spartan.sprinkler.entity.ArtLogSeverity.
[EL Config]: metadata: 2016-04-13 13:02:44.717--ServerSession(1341849920)--Thread(Thread[Test worker,5,main])--The access type for the persistent class [class com.spartan.healthmeter.entity.ArtHealthStatusConfiguration] is set to [FIELD].
[EL Config]: metadata: 2016-04-13 13:02:44.718--ServerSession(1341849920)--Thread(Thread[Test worker,5,main])--The access type for the persistent class [class com.spartan.sprinkler.entity.ArtLogModule] is set to [FIELD].
[EL Config]: metadata: 2016-04-13 13:02:44.72--ServerSession(1341849920)--Thread(Thread[Test worker,5,main])--The target entity (reference) class for the one to many mapping element [field appAlarm] is being defaulted to: class com.spartan.sprinkler.entity.ArtAppAlarm.
[EL Config]: metadata: 2016-04-13 13:02:44.721--ServerSession(1341849920)--Thread(Thread[Test worker,5,main])--The access type for the persistent class [class com.spartan.sprinkler.entity.ArtAppAlarm] is set to [FIELD].
[EL Config]: metadata: 2016-04-13 13:02:44.727--ServerSession(1341849920)--Thread(Thread[Test worker,5,main])--The target entity (reference) class for the many to one mapping element [field logmodule] is being defaulted to: class com.spartan.sprinkler.entity.ArtLogModule.
[EL Config]: metadata: 2016-04-13 13:02:44.728--ServerSession(1341849920)--Thread(Thread[Test worker,5,main])--The access type for the persistent class [class com.app.shared.humanresourceboundedcontext.payroll.SalStrucFinWise] is set to [FIELD].
[EL Config]: metadata: 2016-04-13 13:02:44.731--ServerSession(1341849920)--Thread(Thread[Test worker,5,main])--The access type for the persistent class [class com.app.shared.aaaboundedcontext.authentication.SessionData] is set to [FIELD].
[EL Config]: metadata: 2016-04-13 13:02:44.741--ServerSession(1341849920)--Thread(Thread[Test worker,5,main])--The access type for the persistent class [class com.app.shared.organizationboundedcontext.location.Timezone] is set to [FIELD].
[EL Config]: metadata: 2016-04-13 13:02:44.743--ServerSession(1341849920)--Thread(Thread[Test worker,5,main])--The access type for the persistent class [class com.app.shared.humanresourceboundedcontext.employee.DesignationType] is set to [FIELD].
[EL Config]: metadata: 2016-04-13 13:02:44.744--ServerSession(1341849920)--Thread(Thread[Test worker,5,main])--The access type for the persistent class [class com.app.shared.organizationboundedcontext.contacts.ContactType] is set to [FIELD].
[EL Config]: metadata: 2016-04-13 13:02:44.745--ServerSession(1341849920)--Thread(Thread[Test worker,5,main])--The access type for the persistent class [class com.app.shared.humanresourceboundedcontext.employee.EmpInformation] is set to [FIELD].
[EL Config]: metadata: 2016-04-13 13:02:44.747--ServerSession(1341849920)--Thread(Thread[Test worker,5,main])--The target entity (reference) class for the one to one mapping element [field coreContacts] is being defaulted to: class com.app.shared.organizationboundedcontext.contacts.CoreContacts.
[EL Config]: metadata: 2016-04-13 13:02:44.748--ServerSession(1341849920)--Thread(Thread[Test worker,5,main])--The access type for the persistent class [class com.app.shared.humanresourceboundedcontext.attendance.AttendenceSummary] is set to [FIELD].
[EL Config]: metadata: 2016-04-13 13:02:44.75--ServerSession(1341849920)--Thread(Thread[Test worker,5,main])--The access type for the persistent class [class com.spartan.sprinkler.entity.ArtLoggingProperties] is set to [FIELD].
[EL Config]: metadata: 2016-04-13 13:02:44.751--ServerSession(1341849920)--Thread(Thread[Test worker,5,main])--The target entity (reference) class for the many to one mapping element [field logConfig] is being defaulted to: class com.spartan.sprinkler.entity.ArtLogConfig.
[EL Config]: metadata: 2016-04-13 13:02:44.753--ServerSession(1341849920)--Thread(Thread[Test worker,5,main])--The access type for the persistent class [class com.spartan.healthmeter.entity.ZenHealthGauge] is set to [FIELD].
[EL Config]: metadata: 2016-04-13 13:02:44.764--ServerSession(1341849920)--Thread(Thread[Test worker,5,main])--The access type for the persistent class [class com.athena.shared.entity.query.ArtUserLastStatus] is set to [FIELD].
[EL Config]: metadata: 2016-04-13 13:02:44.766--ServerSession(1341849920)--Thread(Thread[Test worker,5,main])--The access type for the persistent class [class com.app.shared.organizationboundedcontext.location.Address] is set to [FIELD].
[EL Config]: metadata: 2016-04-13 13:02:44.768--ServerSession(1341849920)--Thread(Thread[Test worker,5,main])--The access type for the persistent class [class com.app.shared.aaaboundedcontext.authentication.Login] is set to [FIELD].
[EL Config]: metadata: 2016-04-13 13:02:44.77--ServerSession(1341849920)--Thread(Thread[Test worker,5,main])--The target entity (reference) class for the one to one mapping element [field coreContacts] is being defaulted to: class com.app.shared.organizationboundedcontext.contacts.CoreContacts.
[EL Config]: metadata: 2016-04-13 13:02:44.771--ServerSession(1341849920)--Thread(Thread[Test worker,5,main])--The target entity (reference) class for the one to one mapping element [field user] is being defaulted to: class com.app.shared.aaaboundedcontext.authentication.User.
[EL Config]: metadata: 2016-04-13 13:02:44.772--ServerSession(1341849920)--Thread(Thread[Test worker,5,main])--The access type for the persistent class [class com.app.shared.organizationboundedcontext.location.State] is set to [FIELD].
[EL Config]: metadata: 2016-04-13 13:02:44.773--ServerSession(1341849920)--Thread(Thread[Test worker,5,main])--The access type for the persistent class [class com.spartan.healthmeter.entity.HealthSchedulerConfiguration] is set to [FIELD].
[EL Config]: metadata: 2016-04-13 13:02:44.775--ServerSession(1341849920)--Thread(Thread[Test worker,5,main])--The access type for the persistent class [class com.spartan.healthmeter.entity.ZenSchedulerHealth] is set to [FIELD].
[EL Config]: metadata: 2016-04-13 13:02:44.787--ServerSession(1341849920)--Thread(Thread[Test worker,5,main])--The access type for the persistent class [class com.app.shared.organizationboundedcontext.location.City] is set to [FIELD].
[EL Config]: metadata: 2016-04-13 13:02:44.791--ServerSession(1341849920)--Thread(Thread[Test worker,5,main])--The access type for the persistent class [class com.app.shared.aaaboundedcontext.authentication.UserAccessLevel] is set to [FIELD].
[EL Config]: metadata: 2016-04-13 13:02:44.811--ServerSession(1341849920)--Thread(Thread[Test worker,5,main])--The access type for the persistent class [class com.spartan.shield.server.entity.AppSessionConfig] is set to [FIELD].
[EL Config]: metadata: 2016-04-13 13:02:44.812--ServerSession(1341849920)--Thread(Thread[Test worker,5,main])--The access type for the persistent class [class com.app.shared.aaaboundedcontext.authentication.UserData] is set to [FIELD].
[EL Config]: metadata: 2016-04-13 13:02:44.813--ServerSession(1341849920)--Thread(Thread[Test worker,5,main])--The target entity (reference) class for the one to one mapping element [field user] is being defaulted to: class com.app.shared.aaaboundedcontext.authentication.User.
[EL Config]: metadata: 2016-04-13 13:02:44.814--ServerSession(1341849920)--Thread(Thread[Test worker,5,main])--The access type for the persistent class [class com.app.shared.aaaboundedcontext.authentication.PassRecovery] is set to [FIELD].
[EL Config]: metadata: 2016-04-13 13:02:44.815--ServerSession(1341849920)--Thread(Thread[Test worker,5,main])--The target entity (reference) class for the one to one mapping element [field user] is being defaulted to: class com.app.shared.aaaboundedcontext.authentication.User.
[EL Config]: metadata: 2016-04-13 13:02:44.82--ServerSession(1341849920)--Thread(Thread[Test worker,5,main])--The access type for the persistent class [class com.spartan.sprinkler.entity.ArtLogConnector] is set to [FIELD].
[EL Config]: metadata: 2016-04-13 13:02:44.821--ServerSession(1341849920)--Thread(Thread[Test worker,5,main])--The target entity (reference) class for the one to many mapping element [field logConnectorAttributes] is being defaulted to: class com.spartan.sprinkler.entity.ArtLogConnectorAttributes.
[EL Config]: metadata: 2016-04-13 13:02:44.822--ServerSession(1341849920)--Thread(Thread[Test worker,5,main])--The target entity (reference) class for the many to one mapping element [field logConfig] is being defaulted to: class com.spartan.sprinkler.entity.ArtLogConfig.
[EL Config]: metadata: 2016-04-13 13:02:44.823--ServerSession(1341849920)--Thread(Thread[Test worker,5,main])--The access type for the persistent class [class com.app.shared.organizationboundedcontext.contacts.CommunicationType] is set to [FIELD].
[EL Config]: metadata: 2016-04-13 13:02:44.824--ServerSession(1341849920)--Thread(Thread[Test worker,5,main])--The access type for the persistent class [class com.app.shared.aaaboundedcontext.authentication.PasswordAlgo] is set to [FIELD].
[EL Config]: metadata: 2016-04-13 13:02:44.828--ServerSession(1341849920)--Thread(Thread[Test worker,5,main])--The access type for the persistent class [class com.app.shared.organizationboundedcontext.contacts.Title] is set to [FIELD].
[EL Config]: metadata: 2016-04-13 13:02:44.829--ServerSession(1341849920)--Thread(Thread[Test worker,5,main])--The access type for the persistent class [class com.athena.server.email.entity.ArtAppNotificationTemplate] is set to [FIELD].
[EL Config]: metadata: 2016-04-13 13:02:44.83--ServerSession(1341849920)--Thread(Thread[Test worker,5,main])--The access type for the persistent class [class com.app.shared.aaaboundedcontext.authentication.Question] is set to [FIELD].
[EL Config]: metadata: 2016-04-13 13:02:44.831--ServerSession(1341849920)--Thread(Thread[Test worker,5,main])--The access type for the persistent class [class com.app.shared.aaaboundedcontext.authentication.User] is set to [FIELD].
[EL Config]: metadata: 2016-04-13 13:02:44.832--ServerSession(1341849920)--Thread(Thread[Test worker,5,main])--The target entity (reference) class for the one to one mapping element [field userData] is being defaulted to: class com.app.shared.aaaboundedcontext.authentication.UserData.
[EL Config]: metadata: 2016-04-13 13:02:44.833--ServerSession(1341849920)--Thread(Thread[Test worker,5,main])--The target entity (reference) class for the one to many mapping element [field passRecovery] is being defaulted to: class com.app.shared.aaaboundedcontext.authentication.PassRecovery.
[EL Config]: metadata: 2016-04-13 13:02:44.834--ServerSession(1341849920)--Thread(Thread[Test worker,5,main])--The access type for the persistent class [class com.app.shared.humanresourceboundedcontext.employee.JobType] is set to [FIELD].
[EL Config]: metadata: 2016-04-13 13:02:44.835--ServerSession(1341849920)--Thread(Thread[Test worker,5,main])--The access type for the persistent class [class com.spartan.healthmeter.entity.ZenHealthStatus] is set to [FIELD].
[EL Config]: metadata: 2016-04-13 13:02:44.837--ServerSession(1341849920)--Thread(Thread[Test worker,5,main])--The access type for the persistent class [class com.app.shared.aaaboundedcontext.authentication.UserAccessDomain] is set to [FIELD].
[EL Config]: metadata: 2016-04-13 13:02:44.838--ServerSession(1341849920)--Thread(Thread[Test worker,5,main])--The access type for the persistent class [class com.app.shared.aaaboundedcontext.authorization.AppMenus] is set to [FIELD].
[EL Config]: metadata: 2016-04-13 13:02:44.84--ServerSession(1341849920)--Thread(Thread[Test worker,5,main])--The access type for the persistent class [class com.spartan.healthmeter.entity.ZenRequestDetails] is set to [FIELD].
[EL Config]: metadata: 2016-04-13 13:02:44.841--ServerSession(1341849920)--Thread(Thread[Test worker,5,main])--The access type for the persistent class [class com.spartan.healthmeter.entity.ArtHealthSchedulerConfiguration] is set to [FIELD].
[EL Config]: metadata: 2016-04-13 13:02:44.842--ServerSession(1341849920)--Thread(Thread[Test worker,5,main])--The access type for the persistent class [class com.app.shared.aaaboundedcontext.authorization.RoleMenuBridge] is set to [FIELD].
[EL Config]: metadata: 2016-04-13 13:02:44.843--ServerSession(1341849920)--Thread(Thread[Test worker,5,main])--The target entity (reference) class for the one to one mapping element [field roles] is being defaulted to: class com.app.shared.aaaboundedcontext.authorization.Roles.
[EL Config]: metadata: 2016-04-13 13:02:44.844--ServerSession(1341849920)--Thread(Thread[Test worker,5,main])--The access type for the persistent class [class com.app.shared.humanresourceboundedcontext.employee.DepartmentType] is set to [FIELD].
[EL Config]: metadata: 2016-04-13 13:02:44.845--ServerSession(1341849920)--Thread(Thread[Test worker,5,main])--The access type for the persistent class [class com.app.shared.organizationboundedcontext.contacts.CommunicationGroup] is set to [FIELD].
[EL Config]: metadata: 2016-04-13 13:02:44.846--ServerSession(1341849920)--Thread(Thread[Test worker,5,main])--The access type for the persistent class [class com.app.shared.organizationboundedcontext.location.AddressType] is set to [FIELD].
[EL Config]: metadata: 2016-04-13 13:02:44.847--ServerSession(1341849920)--Thread(Thread[Test worker,5,main])--The access type for the persistent class [class com.app.shared.humanresourceboundedcontext.payroll.CostToCompany] is set to [FIELD].
[EL Config]: metadata: 2016-04-13 13:02:44.848--ServerSession(1341849920)--Thread(Thread[Test worker,5,main])--The access type for the persistent class [class com.spartan.healthmeter.entity.ZenHealthCounter] is set to [FIELD].
[EL Config]: metadata: 2016-04-13 13:02:44.85--ServerSession(1341849920)--Thread(Thread[Test worker,5,main])--The access type for the persistent class [class com.app.shared.organizationboundedcontext.contacts.Gender] is set to [FIELD].
[EL Config]: metadata: 2016-04-13 13:02:44.851--ServerSession(1341849920)--Thread(Thread[Test worker,5,main])--The access type for the persistent class [class com.spartan.healthmeter.entity.ZenHealth] is set to [FIELD].
[EL Config]: metadata: 2016-04-13 13:02:44.856--ServerSession(1341849920)--Thread(Thread[Test worker,5,main])--The access type for the persistent class [class com.app.shared.organizationboundedcontext.contacts.CoreContacts] is set to [FIELD].
[EL Config]: metadata: 2016-04-13 13:02:44.857--ServerSession(1341849920)--Thread(Thread[Test worker,5,main])--The target entity (reference) class for the one to one mapping element [field timezone] is being defaulted to: class com.app.shared.organizationboundedcontext.location.Timezone.
[EL Config]: metadata: 2016-04-13 13:02:44.86--ServerSession(1341849920)--Thread(Thread[Test worker,5,main])--The target entity (reference) class for the one to many mapping element [field address] is being defaulted to: class com.app.shared.organizationboundedcontext.location.Address.
[EL Config]: metadata: 2016-04-13 13:02:44.861--ServerSession(1341849920)--Thread(Thread[Test worker,5,main])--The target entity (reference) class for the one to many mapping element [field communicationData] is being defaulted to: class com.app.shared.organizationboundedcontext.contacts.CommunicationData.
[EL Config]: metadata: 2016-04-13 13:02:44.862--ServerSession(1341849920)--Thread(Thread[Test worker,5,main])--The access type for the persistent class [class com.athena.shared.entity.report.ArtReportUI] is set to [FIELD].
[EL Config]: metadata: 2016-04-13 13:02:44.864--ServerSession(1341849920)--Thread(Thread[Test worker,5,main])--The access type for the persistent class [class com.athena.server.bean.EntityBean] is set to [FIELD].
[EL Config]: metadata: 2016-04-13 13:02:44.865--ServerSession(1341849920)--Thread(Thread[Test worker,5,main])--The access type for the persistent class [class com.spartan.sprinkler.entity.ArtLogSeverity] is set to [FIELD].
[EL Config]: metadata: 2016-04-13 13:02:44.866--ServerSession(1341849920)--Thread(Thread[Test worker,5,main])--The target entity (reference) class for the many to one mapping element [field logConfig] is being defaulted to: class com.spartan.sprinkler.entity.ArtLogConfig.
[EL Config]: metadata: 2016-04-13 13:02:44.867--ServerSession(1341849920)--Thread(Thread[Test worker,5,main])--The access type for the persistent class [class com.spartan.sprinkler.entity.ArtLogConnectorAttributes] is set to [FIELD].
[EL Config]: metadata: 2016-04-13 13:02:44.868--ServerSession(1341849920)--Thread(Thread[Test worker,5,main])--The target entity (reference) class for the many to one mapping element [field logConnector] is being defaulted to: class com.spartan.sprinkler.entity.ArtLogConnector.
[EL Config]: metadata: 2016-04-13 13:02:44.869--ServerSession(1341849920)--Thread(Thread[Test worker,5,main])--The access type for the persistent class [class com.app.shared.aaaboundedcontext.authorization.UserRoleBridge] is set to [FIELD].
[EL Config]: metadata: 2016-04-13 13:02:44.87--ServerSession(1341849920)--Thread(Thread[Test worker,5,main])--The access type for the persistent class [class com.spartan.healthmeter.shared.EntityAudit] is set to [FIELD].
[EL Config]: metadata: 2016-04-13 13:02:44.873--ServerSession(1341849920)--Thread(Thread[Test worker,5,main])--The access type for the persistent class [class com.app.shared.SystemInfo] is set to [FIELD].
[EL Config]: metadata: 2016-04-13 13:02:44.875--ServerSession(1341849920)--Thread(Thread[Test worker,5,main])--The access type for the persistent class [class com.spartan.healthmeter.shared.SystemInfo] is set to [FIELD].
[EL Config]: metadata: 2016-04-13 13:02:44.876--ServerSession(1341849920)--Thread(Thread[Test worker,5,main])--The access type for the persistent class [class com.app.shared.EntityAudit] is set to [FIELD].
[EL Config]: metadata: 2016-04-13 13:02:44.89--ServerSession(1341849920)--Thread(Thread[Test worker,5,main])--The alias name for the entity class [class com.athena.shared.entity.query.ArtQuery] is being defaulted to: ArtQuery.
[EL Config]: metadata: 2016-04-13 13:02:44.913--ServerSession(1341849920)--Thread(Thread[Test worker,5,main])--The alias name for the entity class [class com.app.shared.aaaboundedcontext.authentication.PasswordPolicy] is being defaulted to: PasswordPolicy.
[EL Config]: metadata: 2016-04-13 13:02:44.919--ServerSession(1341849920)--Thread(Thread[Test worker,5,main])--The alias name for the entity class [class com.app.shared.organizationboundedcontext.location.Language] is being defaulted to: Language.
[EL Config]: metadata: 2016-04-13 13:02:44.921--ServerSession(1341849920)--Thread(Thread[Test worker,5,main])--The alias name for the entity class [class com.app.shared.organizationboundedcontext.contacts.CommunicationData] is being defaulted to: CommunicationData.
[EL Config]: metadata: 2016-04-13 13:02:44.922--ServerSession(1341849920)--Thread(Thread[Test worker,5,main])--The alias name for the entity class [class com.app.shared.aaaboundedcontext.authorization.Roles] is being defaulted to: Roles.
[EL Config]: metadata: 2016-04-13 13:02:44.923--ServerSession(1341849920)--Thread(Thread[Test worker,5,main])--The alias name for the entity class [class com.app.shared.aaaboundedcontext.authentication.LoginSession] is being defaulted to: LoginSession.
[EL Config]: metadata: 2016-04-13 13:02:44.925--ServerSession(1341849920)--Thread(Thread[Test worker,5,main])--The alias name for the entity class [class com.app.shared.organizationboundedcontext.location.Country] is being defaulted to: Country.
[EL Config]: metadata: 2016-04-13 13:02:44.926--ServerSession(1341849920)--Thread(Thread[Test worker,5,main])--The alias name for the entity class [class com.spartan.sprinkler.entity.ArtLogConfig] is being defaulted to: ArtLogConfig.
[EL Config]: metadata: 2016-04-13 13:02:44.928--ServerSession(1341849920)--Thread(Thread[Test worker,5,main])--The alias name for the entity class [class com.spartan.healthmeter.entity.ArtHealthStatusConfiguration] is being defaulted to: ArtHealthStatusConfiguration.
[EL Config]: metadata: 2016-04-13 13:02:44.929--ServerSession(1341849920)--Thread(Thread[Test worker,5,main])--The alias name for the entity class [class com.spartan.sprinkler.entity.ArtLogModule] is being defaulted to: ArtLogModule.
[EL Config]: metadata: 2016-04-13 13:02:44.93--ServerSession(1341849920)--Thread(Thread[Test worker,5,main])--The alias name for the entity class [class com.spartan.sprinkler.entity.ArtAppAlarm] is being defaulted to: ArtAppAlarm.
[EL Config]: metadata: 2016-04-13 13:02:44.932--ServerSession(1341849920)--Thread(Thread[Test worker,5,main])--The alias name for the entity class [class com.app.shared.humanresourceboundedcontext.payroll.SalStrucFinWise] is being defaulted to: SalStrucFinWise.
[EL Config]: metadata: 2016-04-13 13:02:44.933--ServerSession(1341849920)--Thread(Thread[Test worker,5,main])--The alias name for the entity class [class com.app.shared.aaaboundedcontext.authentication.SessionData] is being defaulted to: SessionData.
[EL Config]: metadata: 2016-04-13 13:02:44.935--ServerSession(1341849920)--Thread(Thread[Test worker,5,main])--The alias name for the entity class [class com.app.shared.organizationboundedcontext.location.Timezone] is being defaulted to: Timezone.
[EL Config]: metadata: 2016-04-13 13:02:44.936--ServerSession(1341849920)--Thread(Thread[Test worker,5,main])--The alias name for the entity class [class com.app.shared.humanresourceboundedcontext.employee.DesignationType] is being defaulted to: DesignationType.
[EL Config]: metadata: 2016-04-13 13:02:44.936--ServerSession(1341849920)--Thread(Thread[Test worker,5,main])--The alias name for the entity class [class com.app.shared.organizationboundedcontext.contacts.ContactType] is being defaulted to: ContactType.
[EL Config]: metadata: 2016-04-13 13:02:44.937--ServerSession(1341849920)--Thread(Thread[Test worker,5,main])--The alias name for the entity class [class com.app.shared.humanresourceboundedcontext.employee.EmpInformation] is being defaulted to: EmpInformation.
[EL Config]: metadata: 2016-04-13 13:02:44.938--ServerSession(1341849920)--Thread(Thread[Test worker,5,main])--The alias name for the entity class [class com.app.shared.humanresourceboundedcontext.attendance.AttendenceSummary] is being defaulted to: AttendenceSummary.
[EL Config]: metadata: 2016-04-13 13:02:44.939--ServerSession(1341849920)--Thread(Thread[Test worker,5,main])--The alias name for the entity class [class com.spartan.sprinkler.entity.ArtLoggingProperties] is being defaulted to: ArtLoggingProperties.
[EL Config]: metadata: 2016-04-13 13:02:44.94--ServerSession(1341849920)--Thread(Thread[Test worker,5,main])--The alias name for the entity class [class com.spartan.healthmeter.entity.ZenHealthGauge] is being defaulted to: ZenHealthGauge.
[EL Config]: metadata: 2016-04-13 13:02:44.941--ServerSession(1341849920)--Thread(Thread[Test worker,5,main])--The alias name for the entity class [class com.athena.shared.entity.query.ArtUserLastStatus] is being defaulted to: ArtUserLastStatus.
[EL Config]: metadata: 2016-04-13 13:02:44.942--ServerSession(1341849920)--Thread(Thread[Test worker,5,main])--The alias name for the entity class [class com.app.shared.organizationboundedcontext.location.Address] is being defaulted to: Address.
[EL Config]: metadata: 2016-04-13 13:02:44.943--ServerSession(1341849920)--Thread(Thread[Test worker,5,main])--The alias name for the entity class [class com.app.shared.aaaboundedcontext.authentication.Login] is being defaulted to: Login.
[EL Config]: metadata: 2016-04-13 13:02:44.944--ServerSession(1341849920)--Thread(Thread[Test worker,5,main])--The alias name for the entity class [class com.app.shared.organizationboundedcontext.location.State] is being defaulted to: State.
[EL Config]: metadata: 2016-04-13 13:02:44.945--ServerSession(1341849920)--Thread(Thread[Test worker,5,main])--The alias name for the entity class [class com.spartan.healthmeter.entity.HealthSchedulerConfiguration] is being defaulted to: HealthSchedulerConfiguration.
[EL Config]: metadata: 2016-04-13 13:02:44.946--ServerSession(1341849920)--Thread(Thread[Test worker,5,main])--The alias name for the entity class [class com.spartan.healthmeter.entity.ZenSchedulerHealth] is being defaulted to: ZenSchedulerHealth.
[EL Config]: metadata: 2016-04-13 13:02:44.949--ServerSession(1341849920)--Thread(Thread[Test worker,5,main])--The alias name for the entity class [class com.app.shared.organizationboundedcontext.location.City] is being defaulted to: City.
[EL Config]: metadata: 2016-04-13 13:02:44.95--ServerSession(1341849920)--Thread(Thread[Test worker,5,main])--The alias name for the entity class [class com.app.shared.aaaboundedcontext.authentication.UserAccessLevel] is being defaulted to: UserAccessLevel.
[EL Config]: metadata: 2016-04-13 13:02:44.951--ServerSession(1341849920)--Thread(Thread[Test worker,5,main])--The alias name for the entity class [class com.spartan.shield.server.entity.AppSessionConfig] is being defaulted to: AppSessionConfig.
[EL Config]: metadata: 2016-04-13 13:02:44.951--ServerSession(1341849920)--Thread(Thread[Test worker,5,main])--The alias name for the entity class [class com.app.shared.aaaboundedcontext.authentication.UserData] is being defaulted to: UserData.
[EL Config]: metadata: 2016-04-13 13:02:44.952--ServerSession(1341849920)--Thread(Thread[Test worker,5,main])--The alias name for the entity class [class com.app.shared.aaaboundedcontext.authentication.PassRecovery] is being defaulted to: PassRecovery.
[EL Config]: metadata: 2016-04-13 13:02:44.953--ServerSession(1341849920)--Thread(Thread[Test worker,5,main])--The alias name for the entity class [class com.spartan.sprinkler.entity.ArtLogConnector] is being defaulted to: ArtLogConnector.
[EL Config]: metadata: 2016-04-13 13:02:44.954--ServerSession(1341849920)--Thread(Thread[Test worker,5,main])--The alias name for the entity class [class com.app.shared.organizationboundedcontext.contacts.CommunicationType] is being defaulted to: CommunicationType.
[EL Config]: metadata: 2016-04-13 13:02:44.955--ServerSession(1341849920)--Thread(Thread[Test worker,5,main])--The alias name for the entity class [class com.app.shared.aaaboundedcontext.authentication.PasswordAlgo] is being defaulted to: PasswordAlgo.
[EL Config]: metadata: 2016-04-13 13:02:44.956--ServerSession(1341849920)--Thread(Thread[Test worker,5,main])--The alias name for the entity class [class com.app.shared.organizationboundedcontext.contacts.Title] is being defaulted to: Title.
[EL Config]: metadata: 2016-04-13 13:02:44.957--ServerSession(1341849920)--Thread(Thread[Test worker,5,main])--The alias name for the entity class [class com.athena.server.email.entity.ArtAppNotificationTemplate] is being defaulted to: ArtAppNotificationTemplate.
[EL Config]: metadata: 2016-04-13 13:02:44.958--ServerSession(1341849920)--Thread(Thread[Test worker,5,main])--The alias name for the entity class [class com.app.shared.aaaboundedcontext.authentication.Question] is being defaulted to: Question.
[EL Config]: metadata: 2016-04-13 13:02:44.958--ServerSession(1341849920)--Thread(Thread[Test worker,5,main])--The alias name for the entity class [class com.app.shared.aaaboundedcontext.authentication.User] is being defaulted to: User.
[EL Config]: metadata: 2016-04-13 13:02:44.96--ServerSession(1341849920)--Thread(Thread[Test worker,5,main])--The alias name for the entity class [class com.app.shared.humanresourceboundedcontext.employee.JobType] is being defaulted to: JobType.
[EL Config]: metadata: 2016-04-13 13:02:44.96--ServerSession(1341849920)--Thread(Thread[Test worker,5,main])--The alias name for the entity class [class com.spartan.healthmeter.entity.ZenHealthStatus] is being defaulted to: ZenHealthStatus.
[EL Config]: metadata: 2016-04-13 13:02:44.961--ServerSession(1341849920)--Thread(Thread[Test worker,5,main])--The alias name for the entity class [class com.app.shared.aaaboundedcontext.authentication.UserAccessDomain] is being defaulted to: UserAccessDomain.
[EL Config]: metadata: 2016-04-13 13:02:44.962--ServerSession(1341849920)--Thread(Thread[Test worker,5,main])--The alias name for the entity class [class com.app.shared.aaaboundedcontext.authorization.AppMenus] is being defaulted to: AppMenus.
[EL Config]: metadata: 2016-04-13 13:02:44.963--ServerSession(1341849920)--Thread(Thread[Test worker,5,main])--The alias name for the entity class [class com.spartan.healthmeter.entity.ZenRequestDetails] is being defaulted to: ZenRequestDetails.
[EL Config]: metadata: 2016-04-13 13:02:44.964--ServerSession(1341849920)--Thread(Thread[Test worker,5,main])--The alias name for the entity class [class com.spartan.healthmeter.entity.ArtHealthSchedulerConfiguration] is being defaulted to: ArtHealthSchedulerConfiguration.
[EL Config]: metadata: 2016-04-13 13:02:44.965--ServerSession(1341849920)--Thread(Thread[Test worker,5,main])--The alias name for the entity class [class com.app.shared.aaaboundedcontext.authorization.RoleMenuBridge] is being defaulted to: RoleMenuBridge.
[EL Config]: metadata: 2016-04-13 13:02:44.966--ServerSession(1341849920)--Thread(Thread[Test worker,5,main])--The alias name for the entity class [class com.app.shared.humanresourceboundedcontext.employee.DepartmentType] is being defaulted to: DepartmentType.
[EL Config]: metadata: 2016-04-13 13:02:44.967--ServerSession(1341849920)--Thread(Thread[Test worker,5,main])--The alias name for the entity class [class com.app.shared.organizationboundedcontext.contacts.CommunicationGroup] is being defaulted to: CommunicationGroup.
[EL Config]: metadata: 2016-04-13 13:02:44.967--ServerSession(1341849920)--Thread(Thread[Test worker,5,main])--The alias name for the entity class [class com.app.shared.organizationboundedcontext.location.AddressType] is being defaulted to: AddressType.
[EL Config]: metadata: 2016-04-13 13:02:44.968--ServerSession(1341849920)--Thread(Thread[Test worker,5,main])--The alias name for the entity class [class com.app.shared.humanresourceboundedcontext.payroll.CostToCompany] is being defaulted to: CostToCompany.
[EL Config]: metadata: 2016-04-13 13:02:44.97--ServerSession(1341849920)--Thread(Thread[Test worker,5,main])--The alias name for the entity class [class com.spartan.healthmeter.entity.ZenHealthCounter] is being defaulted to: ZenHealthCounter.
[EL Config]: metadata: 2016-04-13 13:02:44.97--ServerSession(1341849920)--Thread(Thread[Test worker,5,main])--The alias name for the entity class [class com.app.shared.organizationboundedcontext.contacts.Gender] is being defaulted to: Gender.
[EL Config]: metadata: 2016-04-13 13:02:44.971--ServerSession(1341849920)--Thread(Thread[Test worker,5,main])--The alias name for the entity class [class com.spartan.healthmeter.entity.ZenHealth] is being defaulted to: ZenHealth.
[EL Config]: metadata: 2016-04-13 13:02:44.973--ServerSession(1341849920)--Thread(Thread[Test worker,5,main])--The alias name for the entity class [class com.app.shared.organizationboundedcontext.contacts.CoreContacts] is being defaulted to: CoreContacts.
[EL Config]: metadata: 2016-04-13 13:02:44.975--ServerSession(1341849920)--Thread(Thread[Test worker,5,main])--The alias name for the entity class [class com.athena.shared.entity.report.ArtReportUI] is being defaulted to: ArtReportUI.
[EL Config]: metadata: 2016-04-13 13:02:44.976--ServerSession(1341849920)--Thread(Thread[Test worker,5,main])--The alias name for the entity class [class com.athena.server.bean.EntityBean] is being defaulted to: EntityBean.
[EL Config]: metadata: 2016-04-13 13:02:44.976--ServerSession(1341849920)--Thread(Thread[Test worker,5,main])--The table name for entity [class com.athena.server.bean.EntityBean] is being defaulted to: ENTITYBEAN.
[EL Config]: metadata: 2016-04-13 13:02:44.977--ServerSession(1341849920)--Thread(Thread[Test worker,5,main])--The column name for element [id] is being defaulted to: ID.
[EL Config]: metadata: 2016-04-13 13:02:44.977--ServerSession(1341849920)--Thread(Thread[Test worker,5,main])--The column name for element [name] is being defaulted to: NAME.
[EL Config]: metadata: 2016-04-13 13:02:44.978--ServerSession(1341849920)--Thread(Thread[Test worker,5,main])--The column name for element [fields] is being defaulted to: FIELDS.
[EL Config]: metadata: 2016-04-13 13:02:44.98--ServerSession(1341849920)--Thread(Thread[Test worker,5,main])--The alias name for the entity class [class com.spartan.sprinkler.entity.ArtLogSeverity] is being defaulted to: ArtLogSeverity.
[EL Config]: metadata: 2016-04-13 13:02:44.981--ServerSession(1341849920)--Thread(Thread[Test worker,5,main])--The alias name for the entity class [class com.spartan.sprinkler.entity.ArtLogConnectorAttributes] is being defaulted to: ArtLogConnectorAttributes.
[EL Config]: metadata: 2016-04-13 13:02:44.983--ServerSession(1341849920)--Thread(Thread[Test worker,5,main])--The alias name for the entity class [class com.app.shared.aaaboundedcontext.authorization.UserRoleBridge] is being defaulted to: UserRoleBridge.
[EL Info]: 2016-04-13 13:02:46.163--ServerSession(1341849920)--Thread(Thread[Test worker,5,main])--EclipseLink, version: Eclipse Persistence Services - 2.5.1.v20130918-f2b9fc5
[EL Fine]: connection: 2016-04-13 13:02:46.472--Thread(Thread[Test worker,5,main])--Detected database platform: org.eclipse.persistence.platform.database.MySQLPlatform
[EL Config]: connection: 2016-04-13 13:02:46.498--ServerSession(1341849920)--Connection(591991860)--Thread(Thread[Test worker,5,main])--connecting(DatabaseLogin(
	platform=>MySQLPlatform
	user name=> "anagha"
	datasource URL=> "jdbc:mysql://localhost-MYSQL:3306/hrdb"
))
[EL Config]: connection: 2016-04-13 13:02:46.506--ServerSession(1341849920)--Connection(1766716851)--Thread(Thread[Test worker,5,main])--Connected: jdbc:mysql://localhost-MYSQL:3306/hrdb
	User: anagha@172.17.0.6
	Database: MySQL  Version: 5.7.7-rc
	Driver: MySQL Connector Java  Version: mysql-connector-java-5.1.31 ( Revision: alexander.soklakov@oracle.com-20140520065950-groqzzbvxprqdmnz )
[EL Config]: connection: 2016-04-13 13:02:46.506--ServerSession(1341849920)--Connection(2101211335)--Thread(Thread[Test worker,5,main])--connecting(DatabaseLogin(
	platform=>MySQLPlatform
	user name=> "anagha"
	datasource URL=> "jdbc:mysql://localhost-MYSQL:3306/hrdb"
))
[EL Config]: connection: 2016-04-13 13:02:46.515--ServerSession(1341849920)--Connection(358814524)--Thread(Thread[Test worker,5,main])--Connected: jdbc:mysql://localhost-MYSQL:3306/hrdb
	User: anagha@172.17.0.6
	Database: MySQL  Version: 5.7.7-rc
	Driver: MySQL Connector Java  Version: mysql-connector-java-5.1.31 ( Revision: alexander.soklakov@oracle.com-20140520065950-groqzzbvxprqdmnz )
[EL Config]: connection: 2016-04-13 13:02:46.515--ServerSession(1341849920)--Connection(461624092)--Thread(Thread[Test worker,5,main])--connecting(DatabaseLogin(
	platform=>MySQLPlatform
	user name=> "anagha"
	datasource URL=> "jdbc:mysql://localhost-MYSQL:3306/hrdb"
))
[EL Config]: connection: 2016-04-13 13:02:46.522--ServerSession(1341849920)--Connection(467595336)--Thread(Thread[Test worker,5,main])--Connected: jdbc:mysql://localhost-MYSQL:3306/hrdb
	User: anagha@172.17.0.6
	Database: MySQL  Version: 5.7.7-rc
	Driver: MySQL Connector Java  Version: mysql-connector-java-5.1.31 ( Revision: alexander.soklakov@oracle.com-20140520065950-groqzzbvxprqdmnz )
[EL Config]: connection: 2016-04-13 13:02:46.523--ServerSession(1341849920)--Connection(1232147779)--Thread(Thread[Test worker,5,main])--connecting(DatabaseLogin(
	platform=>MySQLPlatform
	user name=> "anagha"
	datasource URL=> "jdbc:mysql://localhost-MYSQL:3306/hrdb"
))
[EL Config]: connection: 2016-04-13 13:02:46.53--ServerSession(1341849920)--Connection(821598183)--Thread(Thread[Test worker,5,main])--Connected: jdbc:mysql://localhost-MYSQL:3306/hrdb
	User: anagha@172.17.0.6
	Database: MySQL  Version: 5.7.7-rc
	Driver: MySQL Connector Java  Version: mysql-connector-java-5.1.31 ( Revision: alexander.soklakov@oracle.com-20140520065950-groqzzbvxprqdmnz )
[EL Config]: connection: 2016-04-13 13:02:46.53--ServerSession(1341849920)--Connection(280811471)--Thread(Thread[Test worker,5,main])--connecting(DatabaseLogin(
	platform=>MySQLPlatform
	user name=> "anagha"
	datasource URL=> "jdbc:mysql://localhost-MYSQL:3306/hrdb"
))
[EL Config]: connection: 2016-04-13 13:02:46.538--ServerSession(1341849920)--Connection(1893694675)--Thread(Thread[Test worker,5,main])--Connected: jdbc:mysql://localhost-MYSQL:3306/hrdb
	User: anagha@172.17.0.6
	Database: MySQL  Version: 5.7.7-rc
	Driver: MySQL Connector Java  Version: mysql-connector-java-5.1.31 ( Revision: alexander.soklakov@oracle.com-20140520065950-groqzzbvxprqdmnz )
[EL Config]: connection: 2016-04-13 13:02:46.538--ServerSession(1341849920)--Connection(1618754185)--Thread(Thread[Test worker,5,main])--connecting(DatabaseLogin(
	platform=>MySQLPlatform
	user name=> "anagha"
	datasource URL=> "jdbc:mysql://localhost-MYSQL:3306/hrdb"
))
[EL Config]: connection: 2016-04-13 13:02:46.545--ServerSession(1341849920)--Connection(813720797)--Thread(Thread[Test worker,5,main])--Connected: jdbc:mysql://localhost-MYSQL:3306/hrdb
	User: anagha@172.17.0.6
	Database: MySQL  Version: 5.7.7-rc
	Driver: MySQL Connector Java  Version: mysql-connector-java-5.1.31 ( Revision: alexander.soklakov@oracle.com-20140520065950-groqzzbvxprqdmnz )
[EL Config]: connection: 2016-04-13 13:02:46.546--ServerSession(1341849920)--Connection(1029571083)--Thread(Thread[Test worker,5,main])--connecting(DatabaseLogin(
	platform=>MySQLPlatform
	user name=> "anagha"
	datasource URL=> "jdbc:mysql://localhost-MYSQL:3306/hrdb"
))
[EL Config]: connection: 2016-04-13 13:02:46.553--ServerSession(1341849920)--Connection(999155080)--Thread(Thread[Test worker,5,main])--Connected: jdbc:mysql://localhost-MYSQL:3306/hrdb
	User: anagha@172.17.0.6
	Database: MySQL  Version: 5.7.7-rc
	Driver: MySQL Connector Java  Version: mysql-connector-java-5.1.31 ( Revision: alexander.soklakov@oracle.com-20140520065950-groqzzbvxprqdmnz )
[EL Config]: connection: 2016-04-13 13:02:46.553--ServerSession(1341849920)--Connection(1624793667)--Thread(Thread[Test worker,5,main])--connecting(DatabaseLogin(
	platform=>MySQLPlatform
	user name=> "anagha"
	datasource URL=> "jdbc:mysql://localhost-MYSQL:3306/hrdb"
))
[EL Config]: connection: 2016-04-13 13:02:46.56--ServerSession(1341849920)--Connection(713776359)--Thread(Thread[Test worker,5,main])--Connected: jdbc:mysql://localhost-MYSQL:3306/hrdb
	User: anagha@172.17.0.6
	Database: MySQL  Version: 5.7.7-rc
	Driver: MySQL Connector Java  Version: mysql-connector-java-5.1.31 ( Revision: alexander.soklakov@oracle.com-20140520065950-groqzzbvxprqdmnz )
[EL Config]: connection: 2016-04-13 13:02:46.56--ServerSession(1341849920)--Connection(595613571)--Thread(Thread[Test worker,5,main])--connecting(DatabaseLogin(
	platform=>MySQLPlatform
	user name=> "anagha"
	datasource URL=> "jdbc:mysql://localhost-MYSQL:3306/hrdb"
))
[EL Config]: connection: 2016-04-13 13:02:46.567--ServerSession(1341849920)--Connection(1689783818)--Thread(Thread[Test worker,5,main])--Connected: jdbc:mysql://localhost-MYSQL:3306/hrdb
	User: anagha@172.17.0.6
	Database: MySQL  Version: 5.7.7-rc
	Driver: MySQL Connector Java  Version: mysql-connector-java-5.1.31 ( Revision: alexander.soklakov@oracle.com-20140520065950-groqzzbvxprqdmnz )
[EL Config]: connection: 2016-04-13 13:02:46.567--ServerSession(1341849920)--Connection(1872881198)--Thread(Thread[Test worker,5,main])--connecting(DatabaseLogin(
	platform=>MySQLPlatform
	user name=> "anagha"
	datasource URL=> "jdbc:mysql://localhost-MYSQL:3306/hrdb"
))
[EL Config]: connection: 2016-04-13 13:02:46.577--ServerSession(1341849920)--Connection(1846092713)--Thread(Thread[Test worker,5,main])--Connected: jdbc:mysql://localhost-MYSQL:3306/hrdb
	User: anagha@172.17.0.6
	Database: MySQL  Version: 5.7.7-rc
	Driver: MySQL Connector Java  Version: mysql-connector-java-5.1.31 ( Revision: alexander.soklakov@oracle.com-20140520065950-groqzzbvxprqdmnz )
[EL Config]: connection: 2016-04-13 13:02:46.577--ServerSession(1341849920)--Connection(436495535)--Thread(Thread[Test worker,5,main])--connecting(DatabaseLogin(
	platform=>MySQLPlatform
	user name=> "anagha"
	datasource URL=> "jdbc:mysql://localhost-MYSQL:3306/hrdb"
))
[EL Config]: connection: 2016-04-13 13:02:46.586--ServerSession(1341849920)--Connection(697281110)--Thread(Thread[Test worker,5,main])--Connected: jdbc:mysql://localhost-MYSQL:3306/hrdb
	User: anagha@172.17.0.6
	Database: MySQL  Version: 5.7.7-rc
	Driver: MySQL Connector Java  Version: mysql-connector-java-5.1.31 ( Revision: alexander.soklakov@oracle.com-20140520065950-groqzzbvxprqdmnz )
[EL Config]: connection: 2016-04-13 13:02:46.587--ServerSession(1341849920)--Connection(385354091)--Thread(Thread[Test worker,5,main])--connecting(DatabaseLogin(
	platform=>MySQLPlatform
	user name=> "anagha"
	datasource URL=> "jdbc:mysql://localhost-MYSQL:3306/hrdb"
))
[EL Config]: connection: 2016-04-13 13:02:46.594--ServerSession(1341849920)--Connection(1047000632)--Thread(Thread[Test worker,5,main])--Connected: jdbc:mysql://localhost-MYSQL:3306/hrdb
	User: anagha@172.17.0.6
	Database: MySQL  Version: 5.7.7-rc
	Driver: MySQL Connector Java  Version: mysql-connector-java-5.1.31 ( Revision: alexander.soklakov@oracle.com-20140520065950-groqzzbvxprqdmnz )
[EL Config]: connection: 2016-04-13 13:02:46.594--ServerSession(1341849920)--Connection(458618506)--Thread(Thread[Test worker,5,main])--connecting(DatabaseLogin(
	platform=>MySQLPlatform
	user name=> "anagha"
	datasource URL=> "jdbc:mysql://localhost-MYSQL:3306/hrdb"
))
[EL Config]: connection: 2016-04-13 13:02:46.608--ServerSession(1341849920)--Connection(1004413222)--Thread(Thread[Test worker,5,main])--Connected: jdbc:mysql://localhost-MYSQL:3306/hrdb
	User: anagha@172.17.0.6
	Database: MySQL  Version: 5.7.7-rc
	Driver: MySQL Connector Java  Version: mysql-connector-java-5.1.31 ( Revision: alexander.soklakov@oracle.com-20140520065950-groqzzbvxprqdmnz )
[EL Config]: connection: 2016-04-13 13:02:46.608--ServerSession(1341849920)--Connection(1951556734)--Thread(Thread[Test worker,5,main])--connecting(DatabaseLogin(
	platform=>MySQLPlatform
	user name=> "anagha"
	datasource URL=> "jdbc:mysql://localhost-MYSQL:3306/hrdb"
))
[EL Config]: connection: 2016-04-13 13:02:46.626--ServerSession(1341849920)--Connection(1774456237)--Thread(Thread[Test worker,5,main])--Connected: jdbc:mysql://localhost-MYSQL:3306/hrdb
	User: anagha@172.17.0.6
	Database: MySQL  Version: 5.7.7-rc
	Driver: MySQL Connector Java  Version: mysql-connector-java-5.1.31 ( Revision: alexander.soklakov@oracle.com-20140520065950-groqzzbvxprqdmnz )
[EL Config]: connection: 2016-04-13 13:02:46.629--ServerSession(1341849920)--Connection(1180569370)--Thread(Thread[Test worker,5,main])--connecting(DatabaseLogin(
	platform=>MySQLPlatform
	user name=> "anagha"
	datasource URL=> "jdbc:mysql://localhost-MYSQL:3306/hrdb"
))
[EL Config]: connection: 2016-04-13 13:02:46.636--ServerSession(1341849920)--Connection(1893637247)--Thread(Thread[Test worker,5,main])--Connected: jdbc:mysql://localhost-MYSQL:3306/hrdb
	User: anagha@172.17.0.6
	Database: MySQL  Version: 5.7.7-rc
	Driver: MySQL Connector Java  Version: mysql-connector-java-5.1.31 ( Revision: alexander.soklakov@oracle.com-20140520065950-groqzzbvxprqdmnz )
[EL Config]: connection: 2016-04-13 13:02:46.638--ServerSession(1341849920)--Connection(1893637247)--Thread(Thread[Test worker,5,main])--disconnect
[EL Warning]: metadata: 2016-04-13 13:02:46.649--ServerSession(1341849920)--Thread(Thread[Test worker,5,main])--Reverting the lazy setting on the OneToOne or ManyToOne attribute [coreContacts] for the entity class [class com.app.shared.aaaboundedcontext.authentication.Login] since weaving was not enabled or did not occur.
[EL Warning]: metadata: 2016-04-13 13:02:46.649--ServerSession(1341849920)--Thread(Thread[Test worker,5,main])--Reverting the lazy setting on the OneToOne or ManyToOne attribute [user] for the entity class [class com.app.shared.aaaboundedcontext.authentication.Login] since weaving was not enabled or did not occur.
[EL Warning]: metadata: 2016-04-13 13:02:46.657--ServerSession(1341849920)--Thread(Thread[Test worker,5,main])--Reverting the lazy setting on the OneToOne or ManyToOne attribute [user] for the entity class [class com.app.shared.aaaboundedcontext.authentication.UserData] since weaving was not enabled or did not occur.
[EL Warning]: metadata: 2016-04-13 13:02:46.659--ServerSession(1341849920)--Thread(Thread[Test worker,5,main])--Reverting the lazy setting on the OneToOne or ManyToOne attribute [timezone] for the entity class [class com.app.shared.organizationboundedcontext.contacts.CoreContacts] since weaving was not enabled or did not occur.
[EL Warning]: metadata: 2016-04-13 13:02:46.662--ServerSession(1341849920)--Thread(Thread[Test worker,5,main])--Reverting the lazy setting on the OneToOne or ManyToOne attribute [coreContacts] for the entity class [class com.app.shared.humanresourceboundedcontext.employee.EmpInformation] since weaving was not enabled or did not occur.
[EL Warning]: metadata: 2016-04-13 13:02:46.663--ServerSession(1341849920)--Thread(Thread[Test worker,5,main])--Reverting the lazy setting on the OneToOne or ManyToOne attribute [user] for the entity class [class com.app.shared.aaaboundedcontext.authentication.PassRecovery] since weaving was not enabled or did not occur.
[EL Info]: connection: 2016-04-13 13:02:47.117--ServerSession(1341849920)--Thread(Thread[Test worker,5,main])--file:/home/applifire/workspace/hronee/build/resources/main_hronee login successful
[EL Fine]: sql: 2016-04-13 13:03:04.674--ClientSession(1111822760)--Connection(1774456237)--Thread(Thread[Test worker,5,main])--SELECT query_id, active_status, app_creator_id, created_by, created_date, hidden_name, jpql_query, name, project_id, project_version_id, query_json, query_type, sql_query, updated_by, updated_date, user_access, version_id FROM art_query WHERE ((active_status = ?) AND (sql_query IS NULL))
	bind => [true]
[EL Config]: connection: 2016-04-13 13:03:04.71--ServerSession(1341849920)--Connection(1774456237)--Thread(Thread[Test worker,5,main])--disconnect
[EL Fine]: sql: 2016-04-13 13:03:04.737--ClientSession(1419294366)--Connection(1004413222)--Thread(Thread[Test worker,5,main])--SELECT query_id, active_status, app_creator_id, created_by, created_date, hidden_name, jpql_query, name, project_id, project_version_id, query_json, query_type, sql_query, updated_by, updated_date, user_access, version_id FROM art_query WHERE (query_id = ?)
	bind => [0290132B-EB64-4F81-A307-F79A47227259]
[EL Fine]: sql: 2016-04-13 13:03:04.742--ClientSession(1419294366)--Connection(1004413222)--Thread(Thread[Test worker,5,main])--UPDATE art_query SET sql_query = ? WHERE (query_id = ?)
	bind => [SELECT CONCAT(CONCAT(CONCAT(CONCAT(CONCAT(CONCAT(t0.firstName, ?), t2.ipAddress), ?), t2.requestId), ?), t2.appSessionId), t2.requestId, t2.className, t2.requestTime, t2.requestMethod, t2.httpStatus, t2.returnStatus, t2.executionTime, t2.methodName, t2.startTime, t2.endTime, t2.typeofClass, t2.callSeqId, t2.exceptionId, t2.userId, t2.appSessionId FROM ast_User_T t3, zen_request_details t2, ast_Login_T t1, ast_CoreContacts_T t0 WHERE ((((t3.userId = t2.userId) AND (t2.requestTime >= ?)) AND (t2.requestTime <= ?)) AND ((t3.userId = t1.userId) AND (t0.contactId = t1.contactId))) ORDER BY t2.requestTime DESC, t2.requestId, t2.callSeqId ASC, 0290132B-EB64-4F81-A307-F79A47227259]
[EL Config]: connection: 2016-04-13 13:03:04.804--ServerSession(1341849920)--Connection(1004413222)--Thread(Thread[Test worker,5,main])--disconnect
[EL Fine]: sql: 2016-04-13 13:03:04.807--ClientSession(1486821725)--Connection(1047000632)--Thread(Thread[Test worker,5,main])--SELECT query_id, active_status, app_creator_id, created_by, created_date, hidden_name, jpql_query, name, project_id, project_version_id, query_json, query_type, sql_query, updated_by, updated_date, user_access, version_id FROM art_query WHERE (query_id = ?)
	bind => [073892C6-DC1C-4647-B552-52A50BC5B34F]
[EL Fine]: sql: 2016-04-13 13:03:04.809--ClientSession(1486821725)--Connection(1047000632)--Thread(Thread[Test worker,5,main])--UPDATE art_query SET sql_query = ? WHERE (query_id = ?)
	bind => [SELECT jobTypeCode, jobDescOne, versionId, createdBy, createdDate, updatedBy, updatedDate, activeStatus, txnAccessCode FROM ast_JobType_M WHERE (versionId = ?), 073892C6-DC1C-4647-B552-52A50BC5B34F]
[EL Config]: connection: 2016-04-13 13:03:04.849--ServerSession(1341849920)--Connection(1047000632)--Thread(Thread[Test worker,5,main])--disconnect
[EL Fine]: sql: 2016-04-13 13:03:04.852--ClientSession(1906937184)--Connection(697281110)--Thread(Thread[Test worker,5,main])--SELECT query_id, active_status, app_creator_id, created_by, created_date, hidden_name, jpql_query, name, project_id, project_version_id, query_json, query_type, sql_query, updated_by, updated_date, user_access, version_id FROM art_query WHERE (query_id = ?)
	bind => [13032E72-CA6B-491F-959A-46527D0C51DE]
[EL Fine]: sql: 2016-04-13 13:03:04.854--ClientSession(1906937184)--Connection(697281110)--Thread(Thread[Test worker,5,main])--UPDATE art_query SET sql_query = ? WHERE (query_id = ?)
	bind => [SELECT jobTypeCode, jobDescOne, versionId, createdBy, createdDate, updatedBy, updatedDate, activeStatus, txnAccessCode FROM ast_JobType_M, 13032E72-CA6B-491F-959A-46527D0C51DE]
[EL Config]: connection: 2016-04-13 13:03:04.893--ServerSession(1341849920)--Connection(697281110)--Thread(Thread[Test worker,5,main])--disconnect
[EL Fine]: sql: 2016-04-13 13:03:04.906--ClientSession(333385883)--Connection(1846092713)--Thread(Thread[Test worker,5,main])--SELECT query_id, active_status, app_creator_id, created_by, created_date, hidden_name, jpql_query, name, project_id, project_version_id, query_json, query_type, sql_query, updated_by, updated_date, user_access, version_id FROM art_query WHERE (query_id = ?)
	bind => [27B4B65A-17A8-4285-9A4B-02C703B843C6]
[EL Fine]: sql: 2016-04-13 13:03:04.908--ClientSession(333385883)--Connection(1846092713)--Thread(Thread[Test worker,5,main])--UPDATE art_query SET sql_query = ? WHERE (query_id = ?)
	bind => [SELECT monitorId, scheduledDateTime, serverInstanceId, serverIpAddress, totalClass, classLoaded, classUnloaded, gcCollectionTime, gcMemoryName, ((nonHeapCommitted / ?) / ?), ((nonHeapUsed / ?) / ?), ((heapCommitted / ?) / ?), ((maxMemory / ?) / ?), (? - ((usedMemory / totalMemory) * ?)), ((heapUsed / ?) / ?), ((totalMemory / ?) / ?), startTime, upTime, cpuTime, ((freePhysicalSize / ?) / ?), ((totalPhysicalMemorySize / ?) / ?), cpuLoadTime, ROUND(((freeSwapSize / ?) / ?)), systemLoadAverage, ROUND(((totalSwapSize / ?) / ?)), availableProcessor, totalThread, threadPeakCount, threadStartedCount, threadDaemonCount, threadCpuTime, threadUserTime, cpuLoad, ((usedMemory / totalMemory) * ?), ((usedSwapSize / ?) / ?), ((usedPhysicalMemory / ?) / ?) FROM zen_health ORDER BY scheduledDateTime DESC, 27B4B65A-17A8-4285-9A4B-02C703B843C6]
[EL Config]: connection: 2016-04-13 13:03:04.949--ServerSession(1341849920)--Connection(1846092713)--Thread(Thread[Test worker,5,main])--disconnect
[EL Fine]: sql: 2016-04-13 13:03:04.954--ClientSession(1234898208)--Connection(1689783818)--Thread(Thread[Test worker,5,main])--SELECT query_id, active_status, app_creator_id, created_by, created_date, hidden_name, jpql_query, name, project_id, project_version_id, query_json, query_type, sql_query, updated_by, updated_date, user_access, version_id FROM art_query WHERE (query_id = ?)
	bind => [67F9C8AA-DB19-43CF-8BD2-F3EB57EFF9FB]
[EL Fine]: sql: 2016-04-13 13:03:04.957--ClientSession(1234898208)--Connection(1689783818)--Thread(Thread[Test worker,5,main])--UPDATE art_query SET sql_query = ? WHERE (query_id = ?)
	bind => [SELECT t0.yearValue, t0.basic, t0.hra, t0.convenceAllowance, t0.medicalAllowance, t0.educationalAllowance, t0.perk, t0.totalCTC, t0.takeHome, t0.salaryDrawn, t0.taxableAmount, t0.totalTax, t1.firstName, t1.lastName FROM ast_SalStrucFinWise_T t0, ast_EmpInformation_T t2, ast_CoreContacts_T t1 WHERE (((t0.empId = t2.empId) AND (t0.yearValue = ?)) AND (t1.contactId = t2.contactId)), 67F9C8AA-DB19-43CF-8BD2-F3EB57EFF9FB]
[EL Config]: connection: 2016-04-13 13:03:05.005--ServerSession(1341849920)--Connection(1689783818)--Thread(Thread[Test worker,5,main])--disconnect
[EL Fine]: sql: 2016-04-13 13:03:05.008--ClientSession(709489023)--Connection(713776359)--Thread(Thread[Test worker,5,main])--SELECT query_id, active_status, app_creator_id, created_by, created_date, hidden_name, jpql_query, name, project_id, project_version_id, query_json, query_type, sql_query, updated_by, updated_date, user_access, version_id FROM art_query WHERE (query_id = ?)
	bind => [729E3680-1B06-4CB9-AF3D-C57FEE6565E6]
[EL Fine]: sql: 2016-04-13 13:03:05.01--ClientSession(709489023)--Connection(713776359)--Thread(Thread[Test worker,5,main])--UPDATE art_query SET sql_query = ? WHERE (query_id = ?)
	bind => [SELECT dataId, appSessionId, booleanValue, customerId, dataType, dateTimeValue, jsonValue, numberValue, sessionKey, stringValue, userId, versionId, createdBy, createdDate, updatedBy, updatedDate, activeStatus, txnAccessCode FROM ast_SessionData_T WHERE ((activeStatus = ?) AND (appSessionId = ?)), 729E3680-1B06-4CB9-AF3D-C57FEE6565E6]
[EL Config]: connection: 2016-04-13 13:03:05.049--ServerSession(1341849920)--Connection(713776359)--Thread(Thread[Test worker,5,main])--disconnect
[EL Fine]: sql: 2016-04-13 13:03:05.054--ClientSession(885141299)--Connection(999155080)--Thread(Thread[Test worker,5,main])--SELECT query_id, active_status, app_creator_id, created_by, created_date, hidden_name, jpql_query, name, project_id, project_version_id, query_json, query_type, sql_query, updated_by, updated_date, user_access, version_id FROM art_query WHERE (query_id = ?)
	bind => [A4F57949-CC55-444E-B03C-9DF0DC67F135]
[EL Fine]: sql: 2016-04-13 13:03:05.06--ClientSession(885141299)--Connection(999155080)--Thread(Thread[Test worker,5,main])--UPDATE art_query SET sql_query = ? WHERE (query_id = ?)
	bind => [SELECT healthId, scheduledDateTime, serverInstanceId, serverIpAddress, ROUND((? - ((usedSpace / totalSpace) * ?))), ROUND(((usedSpace / totalSpace) * ?)), ROUND(((totalSpace / ?) / ?)), status FROM zen_health_status ORDER BY scheduledDateTime DESC, A4F57949-CC55-444E-B03C-9DF0DC67F135]
[EL Config]: connection: 2016-04-13 13:03:05.127--ServerSession(1341849920)--Connection(999155080)--Thread(Thread[Test worker,5,main])--disconnect
[EL Fine]: sql: 2016-04-13 13:03:05.13--ClientSession(1445480933)--Connection(813720797)--Thread(Thread[Test worker,5,main])--SELECT query_id, active_status, app_creator_id, created_by, created_date, hidden_name, jpql_query, name, project_id, project_version_id, query_json, query_type, sql_query, updated_by, updated_date, user_access, version_id FROM art_query WHERE (query_id = ?)
	bind => [B3CEB472-FE93-4A96-9E71-A1BD4052482B]
[EL Fine]: sql: 2016-04-13 13:03:05.132--ClientSession(1445480933)--Connection(813720797)--Thread(Thread[Test worker,5,main])--UPDATE art_query SET sql_query = ? WHERE (query_id = ?)
	bind => [SELECT dataId, appSessionId, booleanValue, customerId, dataType, dateTimeValue, jsonValue, numberValue, sessionKey, stringValue, userId, versionId, createdBy, createdDate, updatedBy, updatedDate, activeStatus, txnAccessCode FROM ast_SessionData_T WHERE (((activeStatus = ?) AND (appSessionId = ?)) AND (sessionKey = ?)), B3CEB472-FE93-4A96-9E71-A1BD4052482B]
[EL Fine]: sql: 2016-04-13 13:03:05.175--ClientSession(1876223994)--Connection(813720797)--Thread(Thread[Test worker,5,main])--SELECT query_id, active_status, app_creator_id, created_by, created_date, hidden_name, jpql_query, name, project_id, project_version_id, query_json, query_type, sql_query, updated_by, updated_date, user_access, version_id FROM art_query WHERE (query_id = ?)
	bind => [BDB70792-2F8A-4DFA-A20A-563C9B9A79E0]
[EL Fine]: sql: 2016-04-13 13:03:05.178--ClientSession(1876223994)--Connection(813720797)--Thread(Thread[Test worker,5,main])--UPDATE art_query SET sql_query = ? WHERE (query_id = ?)
	bind => [SELECT t0.loginPk, t0.failedLoginAttempts, t0.loginId, t0.serverAuthImage, t0.serverAuthText, t0.versionId, t0.createdBy, t0.createdDate, t0.updatedBy, t0.updatedDate, t0.activeStatus, t0.txnAccessCode, t0.contactId, t0.userId FROM ast_Login_T t0, ast_User_T t1 WHERE (((t0.activeStatus = ?) AND t1.userId NOT IN (SELECT t2.userId FROM ast_UserRoleBridge_T t2)) AND (t1.userId = t0.userId)), BDB70792-2F8A-4DFA-A20A-563C9B9A79E0]
[EL Fine]: sql: 2016-04-13 13:03:05.217--ClientSession(1005788042)--Connection(813720797)--Thread(Thread[Test worker,5,main])--SELECT query_id, active_status, app_creator_id, created_by, created_date, hidden_name, jpql_query, name, project_id, project_version_id, query_json, query_type, sql_query, updated_by, updated_date, user_access, version_id FROM art_query WHERE (query_id = ?)
	bind => [C855228C-EE98-4266-8331-C184338AE888]
[EL Fine]: sql: 2016-04-13 13:03:05.22--ClientSession(1005788042)--Connection(813720797)--Thread(Thread[Test worker,5,main])--UPDATE art_query SET sql_query = ? WHERE (query_id = ?)
	bind => [SELECT jobTypeCode, jobDescOne, versionId, createdBy, createdDate, updatedBy, updatedDate, activeStatus, txnAccessCode FROM ast_JobType_M, C855228C-EE98-4266-8331-C184338AE888]
[EL Fine]: sql: 2016-04-13 13:03:05.264--ClientSession(1744571926)--Connection(813720797)--Thread(Thread[Test worker,5,main])--SELECT query_id, active_status, app_creator_id, created_by, created_date, hidden_name, jpql_query, name, project_id, project_version_id, query_json, query_type, sql_query, updated_by, updated_date, user_access, version_id FROM art_query WHERE (query_id = ?)
	bind => [E897B753-C272-4B8B-83E4-590204B8E614]
[EL Fine]: sql: 2016-04-13 13:03:05.266--ClientSession(1744571926)--Connection(813720797)--Thread(Thread[Test worker,5,main])--UPDATE art_query SET sql_query = ? WHERE (query_id = ?)
	bind => [SELECT t0.loginPk, t0.failedLoginAttempts, t0.loginId, t0.serverAuthImage, t0.serverAuthText, t0.versionId, t0.createdBy, t0.createdDate, t0.updatedBy, t0.updatedDate, t0.activeStatus, t0.txnAccessCode, t0.contactId, t0.userId FROM ast_Login_T t0, ast_User_T t1 WHERE (((t0.activeStatus = ?) AND t1.userId IN (SELECT t2.userId FROM ast_UserRoleBridge_T t2)) AND (t1.userId = t0.userId)), E897B753-C272-4B8B-83E4-590204B8E614]
[EL Fine]: sql: 2016-04-13 13:03:05.309--ClientSession(1810996235)--Connection(813720797)--Thread(Thread[Test worker,5,main])--SELECT query_id, active_status, app_creator_id, created_by, created_date, hidden_name, jpql_query, name, project_id, project_version_id, query_json, query_type, sql_query, updated_by, updated_date, user_access, version_id FROM art_query WHERE (query_id = ?)
	bind => [FD476645-9228-4FDA-B067-9AAC3D8CEBFA]
[EL Fine]: sql: 2016-04-13 13:03:05.311--ClientSession(1810996235)--Connection(813720797)--Thread(Thread[Test worker,5,main])--UPDATE art_query SET sql_query = ? WHERE (query_id = ?)
	bind => [DELETE FROM ast_SessionData_T WHERE ((activeStatus = ?) AND (appSessionId = ?)), FD476645-9228-4FDA-B067-9AAC3D8CEBFA]
Setting logged in user info for ADD
[EL Fine]: sql: 2016-04-13 13:03:18.978--ClientSession(961179951)--Connection(813720797)--Thread(Thread[Test worker,5,main])--INSERT INTO ast_Title_M (titleId, titles, versionId, createdBy, createdDate, updatedBy, updatedDate, activeStatus, txnAccessCode) VALUES (?, ?, ?, ?, ?, ?, ?, ?, ?)
	bind => [0DBF18E6-E9DC-40F5-B98E-11C1EE05E4DC, u2UCkLNMsKGTe656mVpCCzYtTobzFz2tAQeqWc3mm7tn7zvUtl, 1, AAAAA, 2016-04-13 13:03:18.874, null, 2016-04-13 13:03:18.874, 1, 51000]
[EL Fine]: sql: 2016-04-13 13:03:19.071--ClientSession(1027233985)--Connection(813720797)--Thread(Thread[Test worker,5,main])--SELECT titleId, titles, versionId, createdBy, createdDate, updatedBy, updatedDate, activeStatus, txnAccessCode FROM ast_Title_M WHERE ((activeStatus = ?) AND (titleId = ?))
	bind => [1, 0DBF18E6-E9DC-40F5-B98E-11C1EE05E4DC]
Setting logged in user info for UPDATE
[EL Fine]: sql: 2016-04-13 13:03:19.099--ClientSession(1236631199)--Connection(813720797)--Thread(Thread[Test worker,5,main])--SELECT titleId, titles, versionId, createdBy, createdDate, updatedBy, updatedDate, activeStatus, txnAccessCode FROM ast_Title_M WHERE (titleId = ?)
	bind => [0DBF18E6-E9DC-40F5-B98E-11C1EE05E4DC]
[EL Fine]: sql: 2016-04-13 13:03:19.103--ClientSession(1236631199)--Connection(813720797)--Thread(Thread[Test worker,5,main])--UPDATE ast_Title_M SET titles = ?, updatedBy = ?, versionId = ? WHERE ((titleId = ?) AND (versionId = ?))
	bind => [PUPGEhLbzzA1bNHJyB4bmWVBFKifzruM4SpbKHyxf43tu7t4Wm, AAAAA, 2, 0DBF18E6-E9DC-40F5-B98E-11C1EE05E4DC, 1]
[EL Fine]: sql: 2016-04-13 13:03:19.166--ClientSession(524880472)--Connection(813720797)--Thread(Thread[Test worker,5,main])--SELECT titleId, titles, versionId, createdBy, createdDate, updatedBy, updatedDate, activeStatus, txnAccessCode FROM ast_Title_M WHERE ((activeStatus = ?) AND (titleId = ?))
	bind => [1, 0DBF18E6-E9DC-40F5-B98E-11C1EE05E4DC]
[EL Fine]: sql: 2016-04-13 13:03:19.281--ClientSession(660716442)--Connection(813720797)--Thread(Thread[Test worker,5,main])--SELECT titleId, titles, versionId, createdBy, createdDate, updatedBy, updatedDate, activeStatus, txnAccessCode FROM ast_Title_M WHERE (titleId = ?)
	bind => [0DBF18E6-E9DC-40F5-B98E-11C1EE05E4DC]
[EL Fine]: sql: 2016-04-13 13:03:19.292--ClientSession(660716442)--Connection(813720797)--Thread(Thread[Test worker,5,main])--DELETE FROM ast_Title_M WHERE ((titleId = ?) AND (versionId = ?))
	bind => [0DBF18E6-E9DC-40F5-B98E-11C1EE05E4DC, 2]
]]></system-out>
  <system-err><![CDATA[log4j:WARN No appenders could be found for logger (org.springframework.test.context.junit4.SpringJUnit4ClassRunner).
log4j:WARN Please initialize the log4j system properly.
log4j:WARN See http://logging.apache.org/log4j/1.2/faq.html#noconfig for more info.
com.app.shared.organizationboundedcontext.contacts.Title.titles may not be null
com.athena.framework.server.exception.biz.SpartanConstraintViolationException: Exception in validating entity /com.app.shared.organizationboundedcontext.contacts.Title.titles may not be null

	at com.athena.framework.server.helper.EntityValidatorHelper.validateEntity(EntityValidatorHelper.java:28)
	at com.app.shared.organizationboundedcontext.contacts.Title.isValid(Title.java:139)
	at com.app.server.service.organizationboundedcontext.contacts.TitleTestCase.validateTitle(TitleTestCase.java:170)
	at com.app.server.service.organizationboundedcontext.contacts.TitleTestCase.test5NegativeTesting(TitleTestCase.java:201)
	at sun.reflect.NativeMethodAccessorImpl.invoke0(Native Method)
	at sun.reflect.NativeMethodAccessorImpl.invoke(NativeMethodAccessorImpl.java:57)
	at sun.reflect.DelegatingMethodAccessorImpl.invoke(DelegatingMethodAccessorImpl.java:43)
	at java.lang.reflect.Method.invoke(Method.java:606)
	at org.junit.runners.model.FrameworkMethod$1.runReflectiveCall(FrameworkMethod.java:47)
	at org.junit.internal.runners.model.ReflectiveCallable.run(ReflectiveCallable.java:12)
	at org.junit.runners.model.FrameworkMethod.invokeExplosively(FrameworkMethod.java:44)
	at org.junit.internal.runners.statements.InvokeMethod.evaluate(InvokeMethod.java:17)
	at org.junit.internal.runners.statements.RunBefores.evaluate(RunBefores.java:26)
	at org.springframework.test.context.junit4.statements.RunBeforeTestMethodCallbacks.evaluate(RunBeforeTestMethodCallbacks.java:74)
	at org.junit.internal.runners.statements.RunAfters.evaluate(RunAfters.java:27)
	at org.springframework.test.context.junit4.statements.RunAfterTestMethodCallbacks.evaluate(RunAfterTestMethodCallbacks.java:83)
	at org.springframework.test.context.junit4.statements.SpringRepeat.evaluate(SpringRepeat.java:72)
	at org.springframework.test.context.junit4.SpringJUnit4ClassRunner.runChild(SpringJUnit4ClassRunner.java:233)
	at org.springframework.test.context.junit4.SpringJUnit4ClassRunner.runChild(SpringJUnit4ClassRunner.java:87)
	at org.junit.runners.ParentRunner$3.run(ParentRunner.java:238)
	at org.junit.runners.ParentRunner$1.schedule(ParentRunner.java:63)
	at org.junit.runners.ParentRunner.runChildren(ParentRunner.java:236)
	at org.junit.runners.ParentRunner.access$000(ParentRunner.java:53)
	at org.junit.runners.ParentRunner$2.evaluate(ParentRunner.java:229)
	at org.springframework.test.context.junit4.statements.RunBeforeTestClassCallbacks.evaluate(RunBeforeTestClassCallbacks.java:61)
	at org.springframework.test.context.junit4.statements.RunAfterTestClassCallbacks.evaluate(RunAfterTestClassCallbacks.java:71)
	at org.junit.runners.ParentRunner.run(ParentRunner.java:309)
	at org.springframework.test.context.junit4.SpringJUnit4ClassRunner.run(SpringJUnit4ClassRunner.java:176)
	at org.gradle.api.internal.tasks.testing.junit.JUnitTestClassExecuter.runTestClass(JUnitTestClassExecuter.java:86)
	at org.gradle.api.internal.tasks.testing.junit.JUnitTestClassExecuter.execute(JUnitTestClassExecuter.java:49)
	at org.gradle.api.internal.tasks.testing.junit.JUnitTestClassProcessor.processTestClass(JUnitTestClassProcessor.java:64)
	at org.gradle.api.internal.tasks.testing.SuiteTestClassProcessor.processTestClass(SuiteTestClassProcessor.java:50)
	at sun.reflect.NativeMethodAccessorImpl.invoke0(Native Method)
	at sun.reflect.NativeMethodAccessorImpl.invoke(NativeMethodAccessorImpl.java:57)
	at sun.reflect.DelegatingMethodAccessorImpl.invoke(DelegatingMethodAccessorImpl.java:43)
	at java.lang.reflect.Method.invoke(Method.java:606)
	at org.gradle.messaging.dispatch.ReflectionDispatch.dispatch(ReflectionDispatch.java:35)
	at org.gradle.messaging.dispatch.ReflectionDispatch.dispatch(ReflectionDispatch.java:24)
	at org.gradle.messaging.dispatch.ContextClassLoaderDispatch.dispatch(ContextClassLoaderDispatch.java:32)
	at org.gradle.messaging.dispatch.ProxyDispatchAdapter$DispatchingInvocationHandler.invoke(ProxyDispatchAdapter.java:93)
	at com.sun.proxy.$Proxy2.processTestClass(Unknown Source)
	at org.gradle.api.internal.tasks.testing.worker.TestWorker.processTestClass(TestWorker.java:106)
	at sun.reflect.NativeMethodAccessorImpl.invoke0(Native Method)
	at sun.reflect.NativeMethodAccessorImpl.invoke(NativeMethodAccessorImpl.java:57)
	at sun.reflect.DelegatingMethodAccessorImpl.invoke(DelegatingMethodAccessorImpl.java:43)
	at java.lang.reflect.Method.invoke(Method.java:606)
	at org.gradle.messaging.dispatch.ReflectionDispatch.dispatch(ReflectionDispatch.java:35)
	at org.gradle.messaging.dispatch.ReflectionDispatch.dispatch(ReflectionDispatch.java:24)
	at org.gradle.messaging.remote.internal.hub.MessageHub$Handler.run(MessageHub.java:360)
	at org.gradle.internal.concurrent.DefaultExecutorFactory$StoppableExecutorImpl$1.run(DefaultExecutorFactory.java:64)
	at java.util.concurrent.ThreadPoolExecutor.runWorker(ThreadPoolExecutor.java:1145)
	at java.util.concurrent.ThreadPoolExecutor$Worker.run(ThreadPoolExecutor.java:615)
	at java.lang.Thread.run(Thread.java:745)
com.app.shared.organizationboundedcontext.contacts.Title.titles size must be between 0 and 256
com.athena.framework.server.exception.biz.SpartanConstraintViolationException: Exception in validating entity /com.app.shared.organizationboundedcontext.contacts.Title.titles size must be between 0 and 256

	at com.athena.framework.server.helper.EntityValidatorHelper.validateEntity(EntityValidatorHelper.java:28)
	at com.app.shared.organizationboundedcontext.contacts.Title.isValid(Title.java:139)
	at com.app.server.service.organizationboundedcontext.contacts.TitleTestCase.validateTitle(TitleTestCase.java:168)
	at com.app.server.service.organizationboundedcontext.contacts.TitleTestCase.test5NegativeTesting(TitleTestCase.java:206)
	at sun.reflect.NativeMethodAccessorImpl.invoke0(Native Method)
	at sun.reflect.NativeMethodAccessorImpl.invoke(NativeMethodAccessorImpl.java:57)
	at sun.reflect.DelegatingMethodAccessorImpl.invoke(DelegatingMethodAccessorImpl.java:43)
	at java.lang.reflect.Method.invoke(Method.java:606)
	at org.junit.runners.model.FrameworkMethod$1.runReflectiveCall(FrameworkMethod.java:47)
	at org.junit.internal.runners.model.ReflectiveCallable.run(ReflectiveCallable.java:12)
	at org.junit.runners.model.FrameworkMethod.invokeExplosively(FrameworkMethod.java:44)
	at org.junit.internal.runners.statements.InvokeMethod.evaluate(InvokeMethod.java:17)
	at org.junit.internal.runners.statements.RunBefores.evaluate(RunBefores.java:26)
	at org.springframework.test.context.junit4.statements.RunBeforeTestMethodCallbacks.evaluate(RunBeforeTestMethodCallbacks.java:74)
	at org.junit.internal.runners.statements.RunAfters.evaluate(RunAfters.java:27)
	at org.springframework.test.context.junit4.statements.RunAfterTestMethodCallbacks.evaluate(RunAfterTestMethodCallbacks.java:83)
	at org.springframework.test.context.junit4.statements.SpringRepeat.evaluate(SpringRepeat.java:72)
	at org.springframework.test.context.junit4.SpringJUnit4ClassRunner.runChild(SpringJUnit4ClassRunner.java:233)
	at org.springframework.test.context.junit4.SpringJUnit4ClassRunner.runChild(SpringJUnit4ClassRunner.java:87)
	at org.junit.runners.ParentRunner$3.run(ParentRunner.java:238)
	at org.junit.runners.ParentRunner$1.schedule(ParentRunner.java:63)
	at org.junit.runners.ParentRunner.runChildren(ParentRunner.java:236)
	at org.junit.runners.ParentRunner.access$000(ParentRunner.java:53)
	at org.junit.runners.ParentRunner$2.evaluate(ParentRunner.java:229)
	at org.springframework.test.context.junit4.statements.RunBeforeTestClassCallbacks.evaluate(RunBeforeTestClassCallbacks.java:61)
	at org.springframework.test.context.junit4.statements.RunAfterTestClassCallbacks.evaluate(RunAfterTestClassCallbacks.java:71)
	at org.junit.runners.ParentRunner.run(ParentRunner.java:309)
	at org.springframework.test.context.junit4.SpringJUnit4ClassRunner.run(SpringJUnit4ClassRunner.java:176)
	at org.gradle.api.internal.tasks.testing.junit.JUnitTestClassExecuter.runTestClass(JUnitTestClassExecuter.java:86)
	at org.gradle.api.internal.tasks.testing.junit.JUnitTestClassExecuter.execute(JUnitTestClassExecuter.java:49)
	at org.gradle.api.internal.tasks.testing.junit.JUnitTestClassProcessor.processTestClass(JUnitTestClassProcessor.java:64)
	at org.gradle.api.internal.tasks.testing.SuiteTestClassProcessor.processTestClass(SuiteTestClassProcessor.java:50)
	at sun.reflect.NativeMethodAccessorImpl.invoke0(Native Method)
	at sun.reflect.NativeMethodAccessorImpl.invoke(NativeMethodAccessorImpl.java:57)
	at sun.reflect.DelegatingMethodAccessorImpl.invoke(DelegatingMethodAccessorImpl.java:43)
	at java.lang.reflect.Method.invoke(Method.java:606)
	at org.gradle.messaging.dispatch.ReflectionDispatch.dispatch(ReflectionDispatch.java:35)
	at org.gradle.messaging.dispatch.ReflectionDispatch.dispatch(ReflectionDispatch.java:24)
	at org.gradle.messaging.dispatch.ContextClassLoaderDispatch.dispatch(ContextClassLoaderDispatch.java:32)
	at org.gradle.messaging.dispatch.ProxyDispatchAdapter$DispatchingInvocationHandler.invoke(ProxyDispatchAdapter.java:93)
	at com.sun.proxy.$Proxy2.processTestClass(Unknown Source)
	at org.gradle.api.internal.tasks.testing.worker.TestWorker.processTestClass(TestWorker.java:106)
	at sun.reflect.NativeMethodAccessorImpl.invoke0(Native Method)
	at sun.reflect.NativeMethodAccessorImpl.invoke(NativeMethodAccessorImpl.java:57)
	at sun.reflect.DelegatingMethodAccessorImpl.invoke(DelegatingMethodAccessorImpl.java:43)
	at java.lang.reflect.Method.invoke(Method.java:606)
	at org.gradle.messaging.dispatch.ReflectionDispatch.dispatch(ReflectionDispatch.java:35)
	at org.gradle.messaging.dispatch.ReflectionDispatch.dispatch(ReflectionDispatch.java:24)
	at org.gradle.messaging.remote.internal.hub.MessageHub$Handler.run(MessageHub.java:360)
	at org.gradle.internal.concurrent.DefaultExecutorFactory$StoppableExecutorImpl$1.run(DefaultExecutorFactory.java:64)
	at java.util.concurrent.ThreadPoolExecutor.runWorker(ThreadPoolExecutor.java:1145)
	at java.util.concurrent.ThreadPoolExecutor$Worker.run(ThreadPoolExecutor.java:615)
	at java.lang.Thread.run(Thread.java:745)
]]></system-err>
</testsuite>
